<?xml version="1.0" encoding="UTF-8"?>
<!-- Generated by org.testng.reporters.JUnitXMLReporter -->
<testsuite ignored="0" hostname="LAPTOP-VQUCTUMT" failures="0" tests="2" name="FirefoxTest" time="0.155" errors="0" timestamp="2021-06-21T21:07:09 IST">
  <testcase classname="classtest.classes.frameworkkite" name="@BeforeTest luanchbrowser" time="0.067">
    <failure type="java.lang.IllegalStateException" message="The driver executable does not exist: C:\Users\SANDY\eclipse-workspace\Velocity\browsers\geckodriver.exe">
      <![CDATA[java.lang.IllegalStateException: The driver executable does not exist: C:\Users\SANDY\eclipse-workspace\Velocity\browsers\geckodriver.exe
at com.google.common.base.Preconditions.checkState(Preconditions.java:585)
at org.openqa.selenium.remote.service.DriverService.checkExecutable(DriverService.java:146)
at org.openqa.selenium.remote.service.DriverService.findExecutable(DriverService.java:141)
at org.openqa.selenium.firefox.GeckoDriverService.access$100(GeckoDriverService.java:44)
at org.openqa.selenium.firefox.GeckoDriverService$Builder.findDefaultExecutable(GeckoDriverService.java:167)
at org.openqa.selenium.remote.service.DriverService$Builder.build(DriverService.java:355)
at org.openqa.selenium.firefox.FirefoxDriver.toExecutor(FirefoxDriver.java:190)
at org.openqa.selenium.firefox.FirefoxDriver.<init>(FirefoxDriver.java:147)
at org.openqa.selenium.firefox.FirefoxDriver.<init>(FirefoxDriver.java:125)
at testbrowsersetup.baseclass.openfirefoxbrowser(baseclass.java:22)
at classtest.classes.frameworkkite.luanchbrowser(frameworkkite.java:57)
... Removed 24 stack frames]]>
    </failure>
  </testcase> <!-- @BeforeTest luanchbrowser -->
  <testcase classname="classtest.classes.frameworkkite" name="@BeforeClass kitelaunchLogin1" time="-1.624289829598E9">
    <skipped/>
  </testcase> <!-- @BeforeClass kitelaunchLogin1 -->
  <testcase classname="classtest.classes.frameworkkite" name="@BeforeMethod KiteLoginpin" time="-1.624289829613E9">
    <skipped/>
  </testcase> <!-- @BeforeMethod KiteLoginpin -->
  <testcase classname="classtest.classes.frameworkkite" name="@AfterMethod KiteLogout" time="-1.624289829628E9">
    <skipped/>
  </testcase> <!-- @AfterMethod KiteLogout -->
  <testcase classname="classtest.classes.frameworkkite" name="@BeforeMethod KiteLoginpin" time="-1.624289829636E9">
    <skipped/>
  </testcase> <!-- @BeforeMethod KiteLoginpin -->
  <testcase classname="classtest.classes.frameworkkite" name="@AfterMethod KiteLogout" time="-1.624289829656E9">
    <skipped/>
  </testcase> <!-- @AfterMethod KiteLogout -->
  <testcase classname="classtest.classes.frameworkkite" name="@AfterClass CloseKiteapp" time="-1.624289829666E9">
    <skipped/>
  </testcase> <!-- @AfterClass CloseKiteapp -->
  <testcase classname="classtest.classes.frameworkkite" name="@AfterTest QuitBrowser" time="-1.624289829668E9">
    <skipped/>
  </testcase> <!-- @AfterTest QuitBrowser -->
  <testcase classname="classtest.classes.frameworkkite" name="VerifyKiteLogin" time="0.0">
    <skipped/>
  </testcase> <!-- VerifyKiteLogin -->
  <testcase classname="classtest.classes.frameworkkite" name="VerifyKiteFund" time="0.0">
    <skipped/>
  </testcase> <!-- VerifyKiteFund -->
</testsuite> <!-- FirefoxTest -->
